2018-04-17 18:58:56.493  INFO 873064 --- [main] c.m.f.mainframe.MainframeApplication     : Starting MainframeApplication on sun-PC with PID 873064 (D:\mainframe\mainframe\target\classes started by sun in D:\mainframe\mainframe)
2018-04-17 18:58:56.501  INFO 873064 --- [main] c.m.f.mainframe.MainframeApplication     : The following profiles are active: dev
2018-04-17 18:58:56.574  INFO 873064 --- [main] ationConfigEmbeddedWebApplicationContext : Refreshing org.springframework.boot.context.embedded.AnnotationConfigEmbeddedWebApplicationContext@4f6ee6e4: startup date [Tue Apr 17 18:58:56 CST 2018]; root of context hierarchy
2018-04-17 18:58:57.589  WARN 873064 --- [main] o.m.s.mapper.ClassPathMapperScanner      : No MyBatis mapper was found in '[com.maishi.framework.*.mapper]' package. Please check your configuration.
2018-04-17 18:58:57.726  WARN 873064 --- [main] o.m.s.mapper.ClassPathMapperScanner      : No MyBatis mapper was found in '[com.makshi.framework.mainframe]' package. Please check your configuration.
2018-04-17 18:58:58.226  INFO 873064 --- [main] trationDelegate$BeanPostProcessorChecker : Bean 'dataSourceConfig' of type [com.makshi.framework.mainframe.config.DataSourceConfig$$EnhancerBySpringCGLIB$$99e75b84] is not eligible for getting processed by all BeanPostProcessors (for example: not eligible for auto-proxying)
2018-04-17 18:58:58.574  INFO 873064 --- [main] trationDelegate$BeanPostProcessorChecker : Bean 'dataSource' of type [org.apache.tomcat.jdbc.pool.DataSource] is not eligible for getting processed by all BeanPostProcessors (for example: not eligible for auto-proxying)
2018-04-17 18:58:58.587  INFO 873064 --- [main] trationDelegate$BeanPostProcessorChecker : Bean 'transactionManager' of type [org.springframework.jdbc.datasource.DataSourceTransactionManager] is not eligible for getting processed by all BeanPostProcessors (for example: not eligible for auto-proxying)
2018-04-17 18:58:58.588  INFO 873064 --- [main] trationDelegate$BeanPostProcessorChecker : Bean 'transactionConfig' of type [com.makshi.framework.mainframe.config.TransactionConfig$$EnhancerBySpringCGLIB$$714981e1] is not eligible for getting processed by all BeanPostProcessors (for example: not eligible for auto-proxying)
2018-04-17 18:58:59.549  INFO 873064 --- [main] s.b.c.e.t.TomcatEmbeddedServletContainer : Tomcat initialized with port(s): 8080 (http)
2018-04-17 18:58:59.597  INFO 873064 --- [main] o.apache.catalina.core.StandardService   : Starting service [Tomcat]
2018-04-17 18:58:59.598  INFO 873064 --- [main] org.apache.catalina.core.StandardEngine  : Starting Servlet Engine: Apache Tomcat/8.5.23
2018-04-17 18:58:59.938  INFO 873064 --- [localhost-startStop-1] org.apache.jasper.servlet.TldScanner     : At least one JAR was scanned for TLDs yet contained no TLDs. Enable debug logging for this logger for a complete list of JARs that were scanned but no TLDs were found in them. Skipping unneeded JARs during scanning can improve startup time and JSP compilation time.
2018-04-17 18:58:59.944  INFO 873064 --- [localhost-startStop-1] o.a.c.c.C.[Tomcat].[localhost].[/]       : Initializing Spring embedded WebApplicationContext
2018-04-17 18:58:59.944  INFO 873064 --- [localhost-startStop-1] o.s.web.context.ContextLoader            : Root WebApplicationContext: initialization completed in 3373 ms
2018-04-17 18:59:00.210  INFO 873064 --- [localhost-startStop-1] o.s.b.w.servlet.ServletRegistrationBean  : Mapping servlet: 'dispatcherServlet' to [/]
2018-04-17 18:59:00.215  INFO 873064 --- [localhost-startStop-1] o.s.b.w.servlet.FilterRegistrationBean   : Mapping filter: 'characterEncodingFilter' to: [/*]
2018-04-17 18:59:00.216  INFO 873064 --- [localhost-startStop-1] o.s.b.w.servlet.FilterRegistrationBean   : Mapping filter: 'springSessionRepositoryFilter' to: [/*]
2018-04-17 18:59:00.216  INFO 873064 --- [localhost-startStop-1] o.s.b.w.servlet.FilterRegistrationBean   : Mapping filter: 'hiddenHttpMethodFilter' to: [/*]
2018-04-17 18:59:00.216  INFO 873064 --- [localhost-startStop-1] o.s.b.w.servlet.FilterRegistrationBean   : Mapping filter: 'httpPutFormContentFilter' to: [/*]
2018-04-17 18:59:00.216  INFO 873064 --- [localhost-startStop-1] o.s.b.w.servlet.FilterRegistrationBean   : Mapping filter: 'requestContextFilter' to: [/*]
2018-04-17 18:59:00.679  INFO 873064 --- [main] s.w.s.m.m.a.RequestMappingHandlerAdapter : Looking for @ControllerAdvice: org.springframework.boot.context.embedded.AnnotationConfigEmbeddedWebApplicationContext@4f6ee6e4: startup date [Tue Apr 17 18:58:56 CST 2018]; root of context hierarchy
2018-04-17 18:59:00.753  INFO 873064 --- [main] s.w.s.m.m.a.RequestMappingHandlerMapping : Mapped "{[/login.ht]}" onto public org.springframework.web.servlet.ModelAndView com.makshi.framework.mainframe.controller.DemoController.edit()
2018-04-17 18:59:00.754  INFO 873064 --- [main] s.w.s.m.m.a.RequestMappingHandlerMapping : Mapped "{[/demo]}" onto public java.lang.String com.makshi.framework.mainframe.controller.DemoController.demo()
2018-04-17 18:59:00.756  INFO 873064 --- [main] s.w.s.m.m.a.RequestMappingHandlerMapping : Mapped "{[/error]}" onto public org.springframework.http.ResponseEntity<java.util.Map<java.lang.String, java.lang.Object>> org.springframework.boot.autoconfigure.web.BasicErrorController.error(javax.servlet.http.HttpServletRequest)
2018-04-17 18:59:00.757  INFO 873064 --- [main] s.w.s.m.m.a.RequestMappingHandlerMapping : Mapped "{[/error],produces=[text/html]}" onto public org.springframework.web.servlet.ModelAndView org.springframework.boot.autoconfigure.web.BasicErrorController.errorHtml(javax.servlet.http.HttpServletRequest,javax.servlet.http.HttpServletResponse)
2018-04-17 18:59:00.787  INFO 873064 --- [main] o.s.w.s.handler.SimpleUrlHandlerMapping  : Mapped URL path [/webjars/**] onto handler of type [class org.springframework.web.servlet.resource.ResourceHttpRequestHandler]
2018-04-17 18:59:00.787  INFO 873064 --- [main] o.s.w.s.handler.SimpleUrlHandlerMapping  : Mapped URL path [/**] onto handler of type [class org.springframework.web.servlet.resource.ResourceHttpRequestHandler]
2018-04-17 18:59:00.830  INFO 873064 --- [main] o.s.w.s.handler.SimpleUrlHandlerMapping  : Mapped URL path [/**/favicon.ico] onto handler of type [class org.springframework.web.servlet.resource.ResourceHttpRequestHandler]
2018-04-17 18:59:01.094  INFO 873064 --- [main] o.s.j.e.a.AnnotationMBeanExporter        : Registering beans for JMX exposure on startup
2018-04-17 18:59:01.107  INFO 873064 --- [main] s.a.ScheduledAnnotationBeanPostProcessor : No TaskScheduler/ScheduledExecutorService bean found for scheduled processing
2018-04-17 18:59:01.312  INFO 873064 --- [main] s.b.c.e.t.TomcatEmbeddedServletContainer : Tomcat started on port(s): 8080 (http)
2018-04-17 18:59:01.321  INFO 873064 --- [main] c.m.f.mainframe.MainframeApplication     : Started MainframeApplication in 5.717 seconds (JVM running for 7.265)
2018-04-17 18:59:20.233  INFO 873064 --- [http-nio-8080-exec-1] o.a.c.c.C.[Tomcat].[localhost].[/]       : Initializing Spring FrameworkServlet 'dispatcherServlet'
2018-04-17 18:59:20.233  INFO 873064 --- [http-nio-8080-exec-1] o.s.web.servlet.DispatcherServlet        : FrameworkServlet 'dispatcherServlet': initialization started
2018-04-17 18:59:20.293  INFO 873064 --- [http-nio-8080-exec-1] o.s.web.servlet.DispatcherServlet        : FrameworkServlet 'dispatcherServlet': initialization completed in 60 ms
2018-04-17 19:06:04.539  INFO 874400 --- [main] c.m.f.mainframe.MainframeApplication     : Starting MainframeApplication on sun-PC with PID 874400 (D:\mainframe\mainframe\target\classes started by sun in D:\mainframe\mainframe)
2018-04-17 19:06:04.692  INFO 874400 --- [main] c.m.f.mainframe.MainframeApplication     : The following profiles are active: dev
2018-04-17 19:06:05.213  INFO 874400 --- [main] ationConfigEmbeddedWebApplicationContext : Refreshing org.springframework.boot.context.embedded.AnnotationConfigEmbeddedWebApplicationContext@4f6ee6e4: startup date [Tue Apr 17 19:06:04 CST 2018]; root of context hierarchy
2018-04-17 19:06:08.209  WARN 874400 --- [main] o.m.s.mapper.ClassPathMapperScanner      : No MyBatis mapper was found in '[com.maishi.framework.*.mapper]' package. Please check your configuration.
2018-04-17 19:06:08.799  WARN 874400 --- [main] o.m.s.mapper.ClassPathMapperScanner      : No MyBatis mapper was found in '[com.makshi.framework.mainframe]' package. Please check your configuration.
2018-04-17 19:06:10.711  INFO 874400 --- [main] trationDelegate$BeanPostProcessorChecker : Bean 'dataSourceConfig' of type [com.makshi.framework.mainframe.config.DataSourceConfig$$EnhancerBySpringCGLIB$$b943c2a7] is not eligible for getting processed by all BeanPostProcessors (for example: not eligible for auto-proxying)
2018-04-17 19:06:16.468  INFO 874400 --- [main] trationDelegate$BeanPostProcessorChecker : Bean 'dataSource' of type [org.apache.tomcat.jdbc.pool.DataSource] is not eligible for getting processed by all BeanPostProcessors (for example: not eligible for auto-proxying)
2018-04-17 19:06:16.731  INFO 874400 --- [main] trationDelegate$BeanPostProcessorChecker : Bean 'transactionManager' of type [org.springframework.jdbc.datasource.DataSourceTransactionManager] is not eligible for getting processed by all BeanPostProcessors (for example: not eligible for auto-proxying)
2018-04-17 19:06:16.733  INFO 874400 --- [main] trationDelegate$BeanPostProcessorChecker : Bean 'transactionConfig' of type [com.makshi.framework.mainframe.config.TransactionConfig$$EnhancerBySpringCGLIB$$90a5e904] is not eligible for getting processed by all BeanPostProcessors (for example: not eligible for auto-proxying)
2018-04-17 19:06:29.008  INFO 874400 --- [main] s.b.c.e.t.TomcatEmbeddedServletContainer : Tomcat initialized with port(s): 8080 (http)
2018-04-17 19:06:29.658  INFO 874400 --- [main] o.apache.catalina.core.StandardService   : Starting service [Tomcat]
2018-04-17 19:06:29.676  INFO 874400 --- [main] org.apache.catalina.core.StandardEngine  : Starting Servlet Engine: Apache Tomcat/8.5.23
2018-04-17 19:06:33.876  INFO 874400 --- [localhost-startStop-1] org.apache.jasper.servlet.TldScanner     : At least one JAR was scanned for TLDs yet contained no TLDs. Enable debug logging for this logger for a complete list of JARs that were scanned but no TLDs were found in them. Skipping unneeded JARs during scanning can improve startup time and JSP compilation time.
2018-04-17 19:06:33.884  INFO 874400 --- [localhost-startStop-1] o.a.c.c.C.[Tomcat].[localhost].[/]       : Initializing Spring embedded WebApplicationContext
2018-04-17 19:06:33.885  INFO 874400 --- [localhost-startStop-1] o.s.web.context.ContextLoader            : Root WebApplicationContext: initialization completed in 28977 ms
2018-04-17 19:06:34.627  INFO 874400 --- [localhost-startStop-1] o.s.b.w.servlet.ServletRegistrationBean  : Mapping servlet: 'dispatcherServlet' to [/]
2018-04-17 19:06:34.632  INFO 874400 --- [localhost-startStop-1] o.s.b.w.servlet.FilterRegistrationBean   : Mapping filter: 'characterEncodingFilter' to: [/*]
2018-04-17 19:06:34.632  INFO 874400 --- [localhost-startStop-1] o.s.b.w.servlet.FilterRegistrationBean   : Mapping filter: 'springSessionRepositoryFilter' to: [/*]
2018-04-17 19:06:34.633  INFO 874400 --- [localhost-startStop-1] o.s.b.w.servlet.FilterRegistrationBean   : Mapping filter: 'hiddenHttpMethodFilter' to: [/*]
2018-04-17 19:06:34.633  INFO 874400 --- [localhost-startStop-1] o.s.b.w.servlet.FilterRegistrationBean   : Mapping filter: 'httpPutFormContentFilter' to: [/*]
2018-04-17 19:06:34.633  INFO 874400 --- [localhost-startStop-1] o.s.b.w.servlet.FilterRegistrationBean   : Mapping filter: 'requestContextFilter' to: [/*]
2018-04-17 19:06:36.945  INFO 874400 --- [main] s.w.s.m.m.a.RequestMappingHandlerAdapter : Looking for @ControllerAdvice: org.springframework.boot.context.embedded.AnnotationConfigEmbeddedWebApplicationContext@4f6ee6e4: startup date [Tue Apr 17 19:06:04 CST 2018]; root of context hierarchy
2018-04-17 19:06:37.329  INFO 874400 --- [main] s.w.s.m.m.a.RequestMappingHandlerMapping : Mapped "{[/demo]}" onto public java.lang.String com.makshi.framework.mainframe.controller.DemoController.demo()
2018-04-17 19:06:37.331  INFO 874400 --- [main] s.w.s.m.m.a.RequestMappingHandlerMapping : Mapped "{[/login.ht]}" onto public org.springframework.web.servlet.ModelAndView com.makshi.framework.mainframe.controller.DemoController.edit()
2018-04-17 19:06:37.333  INFO 874400 --- [main] s.w.s.m.m.a.RequestMappingHandlerMapping : Mapped "{[/error]}" onto public org.springframework.http.ResponseEntity<java.util.Map<java.lang.String, java.lang.Object>> org.springframework.boot.autoconfigure.web.BasicErrorController.error(javax.servlet.http.HttpServletRequest)
2018-04-17 19:06:37.334  INFO 874400 --- [main] s.w.s.m.m.a.RequestMappingHandlerMapping : Mapped "{[/error],produces=[text/html]}" onto public org.springframework.web.servlet.ModelAndView org.springframework.boot.autoconfigure.web.BasicErrorController.errorHtml(javax.servlet.http.HttpServletRequest,javax.servlet.http.HttpServletResponse)
2018-04-17 19:06:37.361  INFO 874400 --- [main] o.s.w.s.handler.SimpleUrlHandlerMapping  : Mapped URL path [/webjars/**] onto handler of type [class org.springframework.web.servlet.resource.ResourceHttpRequestHandler]
2018-04-17 19:06:37.362  INFO 874400 --- [main] o.s.w.s.handler.SimpleUrlHandlerMapping  : Mapped URL path [/**] onto handler of type [class org.springframework.web.servlet.resource.ResourceHttpRequestHandler]
2018-04-17 19:06:37.402  INFO 874400 --- [main] o.s.w.s.handler.SimpleUrlHandlerMapping  : Mapped URL path [/**/favicon.ico] onto handler of type [class org.springframework.web.servlet.resource.ResourceHttpRequestHandler]
2018-04-17 19:06:38.243  INFO 874400 --- [main] o.s.j.e.a.AnnotationMBeanExporter        : Registering beans for JMX exposure on startup
2018-04-17 19:06:38.264  INFO 874400 --- [main] s.a.ScheduledAnnotationBeanPostProcessor : No TaskScheduler/ScheduledExecutorService bean found for scheduled processing
2018-04-17 19:06:41.381  INFO 874400 --- [main] s.b.c.e.t.TomcatEmbeddedServletContainer : Tomcat started on port(s): 8080 (http)
2018-04-17 19:06:41.386  INFO 874400 --- [main] c.m.f.mainframe.MainframeApplication     : Started MainframeApplication in 42.293 seconds (JVM running for 52.309)
2018-04-17 19:06:50.504  INFO 874400 --- [http-nio-8080-exec-10] o.a.c.c.C.[Tomcat].[localhost].[/]       : Initializing Spring FrameworkServlet 'dispatcherServlet'
2018-04-17 19:06:50.504  INFO 874400 --- [http-nio-8080-exec-10] o.s.web.servlet.DispatcherServlet        : FrameworkServlet 'dispatcherServlet': initialization started
2018-04-17 19:06:50.768  INFO 874400 --- [http-nio-8080-exec-10] o.s.web.servlet.DispatcherServlet        : FrameworkServlet 'dispatcherServlet': initialization completed in 264 ms
2018-04-17 19:08:22.383  INFO 872356 --- [main] c.m.f.mainframe.MainframeApplication     : Starting MainframeApplication on sun-PC with PID 872356 (D:\mainframe\mainframe\target\classes started by sun in D:\mainframe\mainframe)
2018-04-17 19:08:22.397  INFO 872356 --- [main] c.m.f.mainframe.MainframeApplication     : The following profiles are active: dev
2018-04-17 19:08:22.464  INFO 872356 --- [main] ationConfigEmbeddedWebApplicationContext : Refreshing org.springframework.boot.context.embedded.AnnotationConfigEmbeddedWebApplicationContext@4f6ee6e4: startup date [Tue Apr 17 19:08:22 CST 2018]; root of context hierarchy
2018-04-17 19:08:23.094  WARN 872356 --- [main] o.m.s.mapper.ClassPathMapperScanner      : No MyBatis mapper was found in '[com.maishi.framework.*.mapper]' package. Please check your configuration.
2018-04-17 19:08:23.264  WARN 872356 --- [main] o.m.s.mapper.ClassPathMapperScanner      : No MyBatis mapper was found in '[com.makshi.framework.mainframe]' package. Please check your configuration.
2018-04-17 19:08:23.682  INFO 872356 --- [main] trationDelegate$BeanPostProcessorChecker : Bean 'dataSourceConfig' of type [com.makshi.framework.mainframe.config.DataSourceConfig$$EnhancerBySpringCGLIB$$4c320636] is not eligible for getting processed by all BeanPostProcessors (for example: not eligible for auto-proxying)
2018-04-17 19:08:23.997  INFO 872356 --- [main] trationDelegate$BeanPostProcessorChecker : Bean 'dataSource' of type [org.apache.tomcat.jdbc.pool.DataSource] is not eligible for getting processed by all BeanPostProcessors (for example: not eligible for auto-proxying)
2018-04-17 19:08:24.013  INFO 872356 --- [main] trationDelegate$BeanPostProcessorChecker : Bean 'transactionManager' of type [org.springframework.jdbc.datasource.DataSourceTransactionManager] is not eligible for getting processed by all BeanPostProcessors (for example: not eligible for auto-proxying)
2018-04-17 19:08:24.014  INFO 872356 --- [main] trationDelegate$BeanPostProcessorChecker : Bean 'transactionConfig' of type [com.makshi.framework.mainframe.config.TransactionConfig$$EnhancerBySpringCGLIB$$23942c93] is not eligible for getting processed by all BeanPostProcessors (for example: not eligible for auto-proxying)
2018-04-17 19:08:25.888  INFO 872356 --- [main] s.b.c.e.t.TomcatEmbeddedServletContainer : Tomcat initialized with port(s): 8080 (http)
2018-04-17 19:08:25.952  INFO 872356 --- [main] o.apache.catalina.core.StandardService   : Starting service [Tomcat]
2018-04-17 19:08:25.953  INFO 872356 --- [main] org.apache.catalina.core.StandardEngine  : Starting Servlet Engine: Apache Tomcat/8.5.23
2018-04-17 19:08:26.395  INFO 872356 --- [localhost-startStop-1] org.apache.jasper.servlet.TldScanner     : At least one JAR was scanned for TLDs yet contained no TLDs. Enable debug logging for this logger for a complete list of JARs that were scanned but no TLDs were found in them. Skipping unneeded JARs during scanning can improve startup time and JSP compilation time.
2018-04-17 19:08:26.403  INFO 872356 --- [localhost-startStop-1] o.a.c.c.C.[Tomcat].[localhost].[/]       : Initializing Spring embedded WebApplicationContext
2018-04-17 19:08:26.403  INFO 872356 --- [localhost-startStop-1] o.s.web.context.ContextLoader            : Root WebApplicationContext: initialization completed in 3953 ms
2018-04-17 19:08:26.658  INFO 872356 --- [localhost-startStop-1] o.s.b.w.servlet.ServletRegistrationBean  : Mapping servlet: 'dispatcherServlet' to [/]
2018-04-17 19:08:26.663  INFO 872356 --- [localhost-startStop-1] o.s.b.w.servlet.FilterRegistrationBean   : Mapping filter: 'characterEncodingFilter' to: [/*]
2018-04-17 19:08:26.663  INFO 872356 --- [localhost-startStop-1] o.s.b.w.servlet.FilterRegistrationBean   : Mapping filter: 'springSessionRepositoryFilter' to: [/*]
2018-04-17 19:08:26.664  INFO 872356 --- [localhost-startStop-1] o.s.b.w.servlet.FilterRegistrationBean   : Mapping filter: 'hiddenHttpMethodFilter' to: [/*]
2018-04-17 19:08:26.664  INFO 872356 --- [localhost-startStop-1] o.s.b.w.servlet.FilterRegistrationBean   : Mapping filter: 'httpPutFormContentFilter' to: [/*]
2018-04-17 19:08:26.664  INFO 872356 --- [localhost-startStop-1] o.s.b.w.servlet.FilterRegistrationBean   : Mapping filter: 'requestContextFilter' to: [/*]
2018-04-17 19:08:27.419  INFO 872356 --- [main] s.w.s.m.m.a.RequestMappingHandlerAdapter : Looking for @ControllerAdvice: org.springframework.boot.context.embedded.AnnotationConfigEmbeddedWebApplicationContext@4f6ee6e4: startup date [Tue Apr 17 19:08:22 CST 2018]; root of context hierarchy
2018-04-17 19:08:27.573  INFO 872356 --- [main] s.w.s.m.m.a.RequestMappingHandlerMapping : Mapped "{[/demo]}" onto public java.lang.String com.makshi.framework.mainframe.controller.DemoController.demo()
2018-04-17 19:08:27.575  INFO 872356 --- [main] s.w.s.m.m.a.RequestMappingHandlerMapping : Mapped "{[/login.ht]}" onto public org.springframework.web.servlet.ModelAndView com.makshi.framework.mainframe.controller.DemoController.edit()
2018-04-17 19:08:27.580  INFO 872356 --- [main] s.w.s.m.m.a.RequestMappingHandlerMapping : Mapped "{[/error]}" onto public org.springframework.http.ResponseEntity<java.util.Map<java.lang.String, java.lang.Object>> org.springframework.boot.autoconfigure.web.BasicErrorController.error(javax.servlet.http.HttpServletRequest)
2018-04-17 19:08:27.580  INFO 872356 --- [main] s.w.s.m.m.a.RequestMappingHandlerMapping : Mapped "{[/error],produces=[text/html]}" onto public org.springframework.web.servlet.ModelAndView org.springframework.boot.autoconfigure.web.BasicErrorController.errorHtml(javax.servlet.http.HttpServletRequest,javax.servlet.http.HttpServletResponse)
2018-04-17 19:08:27.634  INFO 872356 --- [main] o.s.w.s.handler.SimpleUrlHandlerMapping  : Mapped URL path [/webjars/**] onto handler of type [class org.springframework.web.servlet.resource.ResourceHttpRequestHandler]
2018-04-17 19:08:27.634  INFO 872356 --- [main] o.s.w.s.handler.SimpleUrlHandlerMapping  : Mapped URL path [/**] onto handler of type [class org.springframework.web.servlet.resource.ResourceHttpRequestHandler]
2018-04-17 19:08:27.701  INFO 872356 --- [main] o.s.w.s.handler.SimpleUrlHandlerMapping  : Mapped URL path [/**/favicon.ico] onto handler of type [class org.springframework.web.servlet.resource.ResourceHttpRequestHandler]
2018-04-17 19:08:28.091  INFO 872356 --- [main] o.s.j.e.a.AnnotationMBeanExporter        : Registering beans for JMX exposure on startup
2018-04-17 19:08:28.107  INFO 872356 --- [main] s.a.ScheduledAnnotationBeanPostProcessor : No TaskScheduler/ScheduledExecutorService bean found for scheduled processing
2018-04-17 19:08:28.399  INFO 872356 --- [main] s.b.c.e.t.TomcatEmbeddedServletContainer : Tomcat started on port(s): 8080 (http)
2018-04-17 19:08:28.405  INFO 872356 --- [main] c.m.f.mainframe.MainframeApplication     : Started MainframeApplication in 7.737 seconds (JVM running for 12.13)
2018-04-17 19:08:35.043  INFO 872356 --- [http-nio-8080-exec-1] o.a.c.c.C.[Tomcat].[localhost].[/]       : Initializing Spring FrameworkServlet 'dispatcherServlet'
2018-04-17 19:08:35.043  INFO 872356 --- [http-nio-8080-exec-1] o.s.web.servlet.DispatcherServlet        : FrameworkServlet 'dispatcherServlet': initialization started
2018-04-17 19:08:35.062  INFO 872356 --- [http-nio-8080-exec-1] o.s.web.servlet.DispatcherServlet        : FrameworkServlet 'dispatcherServlet': initialization completed in 19 ms
